<?xml version="1.0" encoding="UTF-8"?>
<!-- Generated by org.testng.reporters.JUnitReportReporter -->
<testsuite skipped="0" hostname="Our-Laptop" name="automationFramework.TestNGAnotations" tests="2" failures="0" timestamp="18 Oct 2017 12:16:50 GMT" time="0.010" errors="0">
  <testcase name="testCase2" time="0.005" classname="automationFramework.TestNGAnotations"/>
  <testcase name="testCase1" time="0.005" classname="automationFramework.TestNGAnotations"/>
</testsuite> <!-- automationFramework.TestNGAnotations -->
