<?xml version="1.0" encoding="UTF-8"?>
<!-- Generated by org.testng.reporters.JUnitReportReporter -->
<testsuite skipped="1" hostname="Our-Laptop" name="automationFramework.MultipleTest" tests="4" failures="0" timestamp="16 Oct 2017 09:25:23 GMT" time="0.038" errors="0">
  <testcase name="Four" time="0.029" classname="automationFramework.MultipleTest"/>
  <testcase name="Two" time="0.005" classname="automationFramework.MultipleTest"/>
  <testcase name="One" time="0.004" classname="automationFramework.MultipleTest"/>
  <testcase name="Three" classname="automationFramework.MultipleTest">
    <skipped/>
  </testcase> <!-- Three -->
</testsuite> <!-- automationFramework.MultipleTest -->
