<?xml version="1.0" encoding="UTF-8"?>
<!-- Generated by org.testng.reporters.JUnitReportReporter -->
<testsuite skipped="0" hostname="Our-Laptop" name="automationFramework.ReporterLogs" tests="1" failures="0" timestamp="18 Oct 2017 16:01:32 GMT" time="15.646" errors="0">
  <testcase name="test" time="15.646" classname="automationFramework.ReporterLogs"/>
</testsuite> <!-- automationFramework.ReporterLogs -->
