<?xml version="1.0" encoding="UTF-8"?>
<!-- Generated by org.testng.reporters.JUnitReportReporter -->
<testsuite skipped="0" hostname="Our-Laptop" name="automationFramework.TestNG" tests="1" failures="0" timestamp="25 Sep 2017 10:33:30 GMT" time="0.438" errors="0">
  <testcase name="main" time="0.438" classname="automationFramework.TestNG"/>
</testsuite> <!-- automationFramework.TestNG -->
