<?xml version="1.0" encoding="UTF-8"?>
<!-- Generated by org.testng.reporters.JUnitReportReporter -->
<testsuite skipped="1" hostname="Our-Laptop" name="automationFramework.DataProviderWithExcel_001" tests="1" failures="0" timestamp="19 Oct 2017 12:49:33 GMT" time="0.000" errors="0">
  <testcase name="Registration_data" time="0.000" classname="automationFramework.DataProviderWithExcel_001">
    <skipped/>
  </testcase> <!-- Registration_data -->
</testsuite> <!-- automationFramework.DataProviderWithExcel_001 -->
