<?xml version="1.0" encoding="UTF-8"?>
<!-- Generated by org.testng.reporters.JUnitReportReporter -->
<testsuite skipped="0" hostname="Our-Laptop" name="automationFramework.Login" tests="3" failures="0" timestamp="20 Oct 2017 09:35:59 GMT" time="64.930" errors="0">
  <testcase name="login" time="23.871" classname="automationFramework.Login"/>
  <testcase name="login" time="19.596" classname="automationFramework.Login"/>
  <testcase name="login" time="21.463" classname="automationFramework.Login"/>
</testsuite> <!-- automationFramework.Login -->
